<?xml version="1.0" encoding="UTF-8"?>
<testsuite xmlns:xsi="http://www.w3.org/2001/XMLSchema-instance" xsi:noNamespaceSchemaLocation="https://maven.apache.org/surefire/maven-surefire-plugin/xsd/surefire-test-report-3.0.xsd" version="3.0" name="runner.RunCucumberTest" time="2.068" tests="5" errors="2" skipped="3" failures="0">
  <properties>
    <property name="java.specification.version" value="17"/>
    <property name="sun.cpu.isalist" value="amd64"/>
    <property name="sun.jnu.encoding" value="Cp1252"/>
    <property name="java.class.path" value="C:\Users\User\Documents\00. Cursos\06. Automação de Testes - QAzando\QazandoSeleniumTest\target\test-classes;C:\Users\User\Documents\00. Cursos\06. Automação de Testes - QAzando\QazandoSeleniumTest\target\classes;C:\Users\User\.m2\repository\info\cukes\cucumber-junit\1.2.5\cucumber-junit-1.2.5.jar;C:\Users\User\.m2\repository\info\cukes\cucumber-core\1.2.5\cucumber-core-1.2.5.jar;C:\Users\User\.m2\repository\info\cukes\cucumber-html\0.2.3\cucumber-html-0.2.3.jar;C:\Users\User\.m2\repository\info\cukes\cucumber-jvm-deps\1.0.5\cucumber-jvm-deps-1.0.5.jar;C:\Users\User\.m2\repository\info\cukes\gherkin\2.12.2\gherkin-2.12.2.jar;C:\Users\User\.m2\repository\junit\junit\4.12\junit-4.12.jar;C:\Users\User\.m2\repository\org\hamcrest\hamcrest-core\1.3\hamcrest-core-1.3.jar;C:\Users\User\.m2\repository\info\cukes\cucumber-java\1.2.5\cucumber-java-1.2.5.jar;C:\Users\User\.m2\repository\org\seleniumhq\selenium\selenium-java\3.141.59\selenium-java-3.141.59.jar;C:\Users\User\.m2\repository\org\seleniumhq\selenium\selenium-api\3.141.59\selenium-api-3.141.59.jar;C:\Users\User\.m2\repository\org\seleniumhq\selenium\selenium-chrome-driver\3.141.59\selenium-chrome-driver-3.141.59.jar;C:\Users\User\.m2\repository\org\seleniumhq\selenium\selenium-edge-driver\3.141.59\selenium-edge-driver-3.141.59.jar;C:\Users\User\.m2\repository\org\seleniumhq\selenium\selenium-firefox-driver\3.141.59\selenium-firefox-driver-3.141.59.jar;C:\Users\User\.m2\repository\org\seleniumhq\selenium\selenium-ie-driver\3.141.59\selenium-ie-driver-3.141.59.jar;C:\Users\User\.m2\repository\org\seleniumhq\selenium\selenium-opera-driver\3.141.59\selenium-opera-driver-3.141.59.jar;C:\Users\User\.m2\repository\org\seleniumhq\selenium\selenium-remote-driver\3.141.59\selenium-remote-driver-3.141.59.jar;C:\Users\User\.m2\repository\org\seleniumhq\selenium\selenium-safari-driver\3.141.59\selenium-safari-driver-3.141.59.jar;C:\Users\User\.m2\repository\org\seleniumhq\selenium\selenium-support\3.141.59\selenium-support-3.141.59.jar;C:\Users\User\.m2\repository\net\bytebuddy\byte-buddy\1.8.15\byte-buddy-1.8.15.jar;C:\Users\User\.m2\repository\org\apache\commons\commons-exec\1.3\commons-exec-1.3.jar;C:\Users\User\.m2\repository\com\google\guava\guava\25.0-jre\guava-25.0-jre.jar;C:\Users\User\.m2\repository\com\google\code\findbugs\jsr305\1.3.9\jsr305-1.3.9.jar;C:\Users\User\.m2\repository\org\checkerframework\checker-compat-qual\2.0.0\checker-compat-qual-2.0.0.jar;C:\Users\User\.m2\repository\com\google\errorprone\error_prone_annotations\2.1.3\error_prone_annotations-2.1.3.jar;C:\Users\User\.m2\repository\com\google\j2objc\j2objc-annotations\1.1\j2objc-annotations-1.1.jar;C:\Users\User\.m2\repository\org\codehaus\mojo\animal-sniffer-annotations\1.14\animal-sniffer-annotations-1.14.jar;C:\Users\User\.m2\repository\com\squareup\okhttp3\okhttp\3.11.0\okhttp-3.11.0.jar;C:\Users\User\.m2\repository\com\squareup\okio\okio\1.14.0\okio-1.14.0.jar;C:\Users\User\.m2\repository\com\trivago\rta\cluecumber-report-plugin\1.2.0\cluecumber-report-plugin-1.2.0.jar;C:\Users\User\.m2\repository\org\apache\maven\maven-plugin-api\3.5.2\maven-plugin-api-3.5.2.jar;C:\Users\User\.m2\repository\org\apache\maven\maven-model\3.5.2\maven-model-3.5.2.jar;C:\Users\User\.m2\repository\org\apache\commons\commons-lang3\3.5\commons-lang3-3.5.jar;C:\Users\User\.m2\repository\org\apache\maven\maven-artifact\3.5.2\maven-artifact-3.5.2.jar;C:\Users\User\.m2\repository\org\eclipse\sisu\org.eclipse.sisu.plexus\0.3.3\org.eclipse.sisu.plexus-0.3.3.jar;C:\Users\User\.m2\repository\javax\enterprise\cdi-api\1.0\cdi-api-1.0.jar;C:\Users\User\.m2\repository\javax\annotation\jsr250-api\1.0\jsr250-api-1.0.jar;C:\Users\User\.m2\repository\org\eclipse\sisu\org.eclipse.sisu.inject\0.3.3\org.eclipse.sisu.inject-0.3.3.jar;C:\Users\User\.m2\repository\org\codehaus\plexus\plexus-classworlds\2.5.2\plexus-classworlds-2.5.2.jar;C:\Users\User\.m2\repository\org\apache\maven\maven-compat\3.5.2\maven-compat-3.5.2.jar;C:\Users\User\.m2\repository\org\apache\maven\maven-model-builder\3.5.2\maven-model-builder-3.5.2.jar;C:\Users\User\.m2\repository\org\apache\maven\maven-builder-support\3.5.2\maven-builder-support-3.5.2.jar;C:\Users\User\.m2\repository\org\apache\maven\maven-settings\3.5.2\maven-settings-3.5.2.jar;C:\Users\User\.m2\repository\org\apache\maven\maven-settings-builder\3.5.2\maven-settings-builder-3.5.2.jar;C:\Users\User\.m2\repository\org\sonatype\plexus\plexus-sec-dispatcher\1.4\plexus-sec-dispatcher-1.4.jar;C:\Users\User\.m2\repository\org\sonatype\plexus\plexus-cipher\1.4\plexus-cipher-1.4.jar;C:\Users\User\.m2\repository\org\apache\maven\maven-core\3.5.2\maven-core-3.5.2.jar;C:\Users\User\.m2\repository\org\apache\maven\resolver\maven-resolver-spi\1.1.0\maven-resolver-spi-1.1.0.jar;C:\Users\User\.m2\repository\org\apache\maven\shared\maven-shared-utils\3.1.0\maven-shared-utils-3.1.0.jar;C:\Users\User\.m2\repository\commons-io\commons-io\2.5\commons-io-2.5.jar;C:\Users\User\.m2\repository\com\google\inject\guice\4.0\guice-4.0-no_aop.jar;C:\Users\User\.m2\repository\aopalliance\aopalliance\1.0\aopalliance-1.0.jar;C:\Users\User\.m2\repository\javax\inject\javax.inject\1\javax.inject-1.jar;C:\Users\User\.m2\repository\org\apache\maven\maven-resolver-provider\3.5.2\maven-resolver-provider-3.5.2.jar;C:\Users\User\.m2\repository\org\apache\maven\maven-repository-metadata\3.5.2\maven-repository-metadata-3.5.2.jar;C:\Users\User\.m2\repository\org\apache\maven\resolver\maven-resolver-api\1.1.0\maven-resolver-api-1.1.0.jar;C:\Users\User\.m2\repository\org\apache\maven\resolver\maven-resolver-util\1.1.0\maven-resolver-util-1.1.0.jar;C:\Users\User\.m2\repository\org\apache\maven\resolver\maven-resolver-impl\1.1.0\maven-resolver-impl-1.1.0.jar;C:\Users\User\.m2\repository\org\codehaus\plexus\plexus-interpolation\1.24\plexus-interpolation-1.24.jar;C:\Users\User\.m2\repository\org\codehaus\plexus\plexus-component-annotations\1.7.1\plexus-component-annotations-1.7.1.jar;C:\Users\User\.m2\repository\org\apache\maven\wagon\wagon-provider-api\2.12\wagon-provider-api-2.12.jar;C:\Users\User\.m2\repository\com\google\code\gson\gson\2.8.2\gson-2.8.2.jar;C:\Users\User\.m2\repository\io\gsonfire\gson-fire\1.8.3\gson-fire-1.8.3.jar;C:\Users\User\.m2\repository\org\freemarker\freemarker\2.3.28\freemarker-2.3.28.jar;C:\Users\User\.m2\repository\org\codehaus\plexus\plexus-utils\3.1.0\plexus-utils-3.1.0.jar;C:\Users\User\.m2\repository\org\jsoup\jsoup\1.11.3\jsoup-1.11.3.jar;C:\Users\User\.m2\repository\uk\com\robust-it\cloning\1.9.10\cloning-1.9.10.jar;C:\Users\User\.m2\repository\org\objenesis\objenesis\2.6\objenesis-2.6.jar;C:\Users\User\.m2\repository\org\apache\maven\plugins\maven-surefire-plugin\3.0.0-M5\maven-surefire-plugin-3.0.0-M5.jar;C:\Users\User\.m2\repository\org\apache\maven\surefire\maven-surefire-common\3.0.0-M5\maven-surefire-common-3.0.0-M5.jar;C:\Users\User\.m2\repository\org\apache\maven\surefire\surefire-api\3.0.0-M5\surefire-api-3.0.0-M5.jar;C:\Users\User\.m2\repository\org\apache\maven\surefire\surefire-logger-api\3.0.0-M5\surefire-logger-api-3.0.0-M5.jar;C:\Users\User\.m2\repository\org\apache\maven\surefire\surefire-extensions-api\3.0.0-M5\surefire-extensions-api-3.0.0-M5.jar;C:\Users\User\.m2\repository\org\apache\maven\surefire\surefire-booter\3.0.0-M5\surefire-booter-3.0.0-M5.jar;C:\Users\User\.m2\repository\org\apache\maven\surefire\surefire-extensions-spi\3.0.0-M5\surefire-extensions-spi-3.0.0-M5.jar;C:\Users\User\.m2\repository\org\apache\maven\maven-toolchain\3.0-alpha-2\maven-toolchain-3.0-alpha-2.jar;C:\Users\User\.m2\repository\org\apache\maven\shared\maven-artifact-transfer\0.11.0\maven-artifact-transfer-0.11.0.jar;C:\Users\User\.m2\repository\org\apache\maven\shared\maven-common-artifact-filters\3.0.1\maven-common-artifact-filters-3.0.1.jar;C:\Users\User\.m2\repository\org\sonatype\sisu\sisu-inject-plexus\1.4.2\sisu-inject-plexus-1.4.2.jar;C:\Users\User\.m2\repository\org\sonatype\sisu\sisu-inject-bean\1.4.2\sisu-inject-bean-1.4.2.jar;C:\Users\User\.m2\repository\org\sonatype\sisu\sisu-guice\2.1.7\sisu-guice-2.1.7-noaop.jar;C:\Users\User\.m2\repository\commons-codec\commons-codec\1.11\commons-codec-1.11.jar;C:\Users\User\.m2\repository\org\codehaus\plexus\plexus-java\1.0.5\plexus-java-1.0.5.jar;C:\Users\User\.m2\repository\org\ow2\asm\asm\7.2\asm-7.2.jar;C:\Users\User\.m2\repository\com\thoughtworks\qdox\qdox\2.0-M9\qdox-2.0-M9.jar;C:\Users\User\.m2\repository\org\apache\maven\surefire\surefire-shared-utils\3.0.0-M4\surefire-shared-utils-3.0.0-M4.jar;"/>
    <property name="java.vm.vendor" value="Azul Systems, Inc."/>
    <property name="sun.arch.data.model" value="64"/>
    <property name="user.variant" value=""/>
    <property name="java.vendor.url" value="http://www.azul.com/"/>
    <property name="user.timezone" value="America/Sao_Paulo"/>
    <property name="os.name" value="Windows 10"/>
    <property name="java.vm.specification.version" value="17"/>
    <property name="sun.java.launcher" value="SUN_STANDARD"/>
    <property name="user.country" value="BR"/>
    <property name="sun.boot.library.path" value="C:\Program Files (x86)\Java\zulu17.36.17-ca-jdk17.0.4.1-win_x64\bin"/>
    <property name="sun.java.command" value="C:\Users\User\AppData\Local\Temp\surefire12293751816607193499\surefirebooter3474689950097120348.jar C:\Users\User\AppData\Local\Temp\surefire12293751816607193499 2022-10-28T14-53-47_484-jvmRun1 surefire12388167047993523900tmp surefire_011872754154255267761tmp"/>
    <property name="jdk.debug" value="release"/>
    <property name="test" value="**/*RunCucumberTest"/>
    <property name="surefire.test.class.path" value="C:\Users\User\Documents\00. Cursos\06. Automação de Testes - QAzando\QazandoSeleniumTest\target\test-classes;C:\Users\User\Documents\00. Cursos\06. Automação de Testes - QAzando\QazandoSeleniumTest\target\classes;C:\Users\User\.m2\repository\info\cukes\cucumber-junit\1.2.5\cucumber-junit-1.2.5.jar;C:\Users\User\.m2\repository\info\cukes\cucumber-core\1.2.5\cucumber-core-1.2.5.jar;C:\Users\User\.m2\repository\info\cukes\cucumber-html\0.2.3\cucumber-html-0.2.3.jar;C:\Users\User\.m2\repository\info\cukes\cucumber-jvm-deps\1.0.5\cucumber-jvm-deps-1.0.5.jar;C:\Users\User\.m2\repository\info\cukes\gherkin\2.12.2\gherkin-2.12.2.jar;C:\Users\User\.m2\repository\junit\junit\4.12\junit-4.12.jar;C:\Users\User\.m2\repository\org\hamcrest\hamcrest-core\1.3\hamcrest-core-1.3.jar;C:\Users\User\.m2\repository\info\cukes\cucumber-java\1.2.5\cucumber-java-1.2.5.jar;C:\Users\User\.m2\repository\org\seleniumhq\selenium\selenium-java\3.141.59\selenium-java-3.141.59.jar;C:\Users\User\.m2\repository\org\seleniumhq\selenium\selenium-api\3.141.59\selenium-api-3.141.59.jar;C:\Users\User\.m2\repository\org\seleniumhq\selenium\selenium-chrome-driver\3.141.59\selenium-chrome-driver-3.141.59.jar;C:\Users\User\.m2\repository\org\seleniumhq\selenium\selenium-edge-driver\3.141.59\selenium-edge-driver-3.141.59.jar;C:\Users\User\.m2\repository\org\seleniumhq\selenium\selenium-firefox-driver\3.141.59\selenium-firefox-driver-3.141.59.jar;C:\Users\User\.m2\repository\org\seleniumhq\selenium\selenium-ie-driver\3.141.59\selenium-ie-driver-3.141.59.jar;C:\Users\User\.m2\repository\org\seleniumhq\selenium\selenium-opera-driver\3.141.59\selenium-opera-driver-3.141.59.jar;C:\Users\User\.m2\repository\org\seleniumhq\selenium\selenium-remote-driver\3.141.59\selenium-remote-driver-3.141.59.jar;C:\Users\User\.m2\repository\org\seleniumhq\selenium\selenium-safari-driver\3.141.59\selenium-safari-driver-3.141.59.jar;C:\Users\User\.m2\repository\org\seleniumhq\selenium\selenium-support\3.141.59\selenium-support-3.141.59.jar;C:\Users\User\.m2\repository\net\bytebuddy\byte-buddy\1.8.15\byte-buddy-1.8.15.jar;C:\Users\User\.m2\repository\org\apache\commons\commons-exec\1.3\commons-exec-1.3.jar;C:\Users\User\.m2\repository\com\google\guava\guava\25.0-jre\guava-25.0-jre.jar;C:\Users\User\.m2\repository\com\google\code\findbugs\jsr305\1.3.9\jsr305-1.3.9.jar;C:\Users\User\.m2\repository\org\checkerframework\checker-compat-qual\2.0.0\checker-compat-qual-2.0.0.jar;C:\Users\User\.m2\repository\com\google\errorprone\error_prone_annotations\2.1.3\error_prone_annotations-2.1.3.jar;C:\Users\User\.m2\repository\com\google\j2objc\j2objc-annotations\1.1\j2objc-annotations-1.1.jar;C:\Users\User\.m2\repository\org\codehaus\mojo\animal-sniffer-annotations\1.14\animal-sniffer-annotations-1.14.jar;C:\Users\User\.m2\repository\com\squareup\okhttp3\okhttp\3.11.0\okhttp-3.11.0.jar;C:\Users\User\.m2\repository\com\squareup\okio\okio\1.14.0\okio-1.14.0.jar;C:\Users\User\.m2\repository\com\trivago\rta\cluecumber-report-plugin\1.2.0\cluecumber-report-plugin-1.2.0.jar;C:\Users\User\.m2\repository\org\apache\maven\maven-plugin-api\3.5.2\maven-plugin-api-3.5.2.jar;C:\Users\User\.m2\repository\org\apache\maven\maven-model\3.5.2\maven-model-3.5.2.jar;C:\Users\User\.m2\repository\org\apache\commons\commons-lang3\3.5\commons-lang3-3.5.jar;C:\Users\User\.m2\repository\org\apache\maven\maven-artifact\3.5.2\maven-artifact-3.5.2.jar;C:\Users\User\.m2\repository\org\eclipse\sisu\org.eclipse.sisu.plexus\0.3.3\org.eclipse.sisu.plexus-0.3.3.jar;C:\Users\User\.m2\repository\javax\enterprise\cdi-api\1.0\cdi-api-1.0.jar;C:\Users\User\.m2\repository\javax\annotation\jsr250-api\1.0\jsr250-api-1.0.jar;C:\Users\User\.m2\repository\org\eclipse\sisu\org.eclipse.sisu.inject\0.3.3\org.eclipse.sisu.inject-0.3.3.jar;C:\Users\User\.m2\repository\org\codehaus\plexus\plexus-classworlds\2.5.2\plexus-classworlds-2.5.2.jar;C:\Users\User\.m2\repository\org\apache\maven\maven-compat\3.5.2\maven-compat-3.5.2.jar;C:\Users\User\.m2\repository\org\apache\maven\maven-model-builder\3.5.2\maven-model-builder-3.5.2.jar;C:\Users\User\.m2\repository\org\apache\maven\maven-builder-support\3.5.2\maven-builder-support-3.5.2.jar;C:\Users\User\.m2\repository\org\apache\maven\maven-settings\3.5.2\maven-settings-3.5.2.jar;C:\Users\User\.m2\repository\org\apache\maven\maven-settings-builder\3.5.2\maven-settings-builder-3.5.2.jar;C:\Users\User\.m2\repository\org\sonatype\plexus\plexus-sec-dispatcher\1.4\plexus-sec-dispatcher-1.4.jar;C:\Users\User\.m2\repository\org\sonatype\plexus\plexus-cipher\1.4\plexus-cipher-1.4.jar;C:\Users\User\.m2\repository\org\apache\maven\maven-core\3.5.2\maven-core-3.5.2.jar;C:\Users\User\.m2\repository\org\apache\maven\resolver\maven-resolver-spi\1.1.0\maven-resolver-spi-1.1.0.jar;C:\Users\User\.m2\repository\org\apache\maven\shared\maven-shared-utils\3.1.0\maven-shared-utils-3.1.0.jar;C:\Users\User\.m2\repository\commons-io\commons-io\2.5\commons-io-2.5.jar;C:\Users\User\.m2\repository\com\google\inject\guice\4.0\guice-4.0-no_aop.jar;C:\Users\User\.m2\repository\aopalliance\aopalliance\1.0\aopalliance-1.0.jar;C:\Users\User\.m2\repository\javax\inject\javax.inject\1\javax.inject-1.jar;C:\Users\User\.m2\repository\org\apache\maven\maven-resolver-provider\3.5.2\maven-resolver-provider-3.5.2.jar;C:\Users\User\.m2\repository\org\apache\maven\maven-repository-metadata\3.5.2\maven-repository-metadata-3.5.2.jar;C:\Users\User\.m2\repository\org\apache\maven\resolver\maven-resolver-api\1.1.0\maven-resolver-api-1.1.0.jar;C:\Users\User\.m2\repository\org\apache\maven\resolver\maven-resolver-util\1.1.0\maven-resolver-util-1.1.0.jar;C:\Users\User\.m2\repository\org\apache\maven\resolver\maven-resolver-impl\1.1.0\maven-resolver-impl-1.1.0.jar;C:\Users\User\.m2\repository\org\codehaus\plexus\plexus-interpolation\1.24\plexus-interpolation-1.24.jar;C:\Users\User\.m2\repository\org\codehaus\plexus\plexus-component-annotations\1.7.1\plexus-component-annotations-1.7.1.jar;C:\Users\User\.m2\repository\org\apache\maven\wagon\wagon-provider-api\2.12\wagon-provider-api-2.12.jar;C:\Users\User\.m2\repository\com\google\code\gson\gson\2.8.2\gson-2.8.2.jar;C:\Users\User\.m2\repository\io\gsonfire\gson-fire\1.8.3\gson-fire-1.8.3.jar;C:\Users\User\.m2\repository\org\freemarker\freemarker\2.3.28\freemarker-2.3.28.jar;C:\Users\User\.m2\repository\org\codehaus\plexus\plexus-utils\3.1.0\plexus-utils-3.1.0.jar;C:\Users\User\.m2\repository\org\jsoup\jsoup\1.11.3\jsoup-1.11.3.jar;C:\Users\User\.m2\repository\uk\com\robust-it\cloning\1.9.10\cloning-1.9.10.jar;C:\Users\User\.m2\repository\org\objenesis\objenesis\2.6\objenesis-2.6.jar;C:\Users\User\.m2\repository\org\apache\maven\plugins\maven-surefire-plugin\3.0.0-M5\maven-surefire-plugin-3.0.0-M5.jar;C:\Users\User\.m2\repository\org\apache\maven\surefire\maven-surefire-common\3.0.0-M5\maven-surefire-common-3.0.0-M5.jar;C:\Users\User\.m2\repository\org\apache\maven\surefire\surefire-api\3.0.0-M5\surefire-api-3.0.0-M5.jar;C:\Users\User\.m2\repository\org\apache\maven\surefire\surefire-logger-api\3.0.0-M5\surefire-logger-api-3.0.0-M5.jar;C:\Users\User\.m2\repository\org\apache\maven\surefire\surefire-extensions-api\3.0.0-M5\surefire-extensions-api-3.0.0-M5.jar;C:\Users\User\.m2\repository\org\apache\maven\surefire\surefire-booter\3.0.0-M5\surefire-booter-3.0.0-M5.jar;C:\Users\User\.m2\repository\org\apache\maven\surefire\surefire-extensions-spi\3.0.0-M5\surefire-extensions-spi-3.0.0-M5.jar;C:\Users\User\.m2\repository\org\apache\maven\maven-toolchain\3.0-alpha-2\maven-toolchain-3.0-alpha-2.jar;C:\Users\User\.m2\repository\org\apache\maven\shared\maven-artifact-transfer\0.11.0\maven-artifact-transfer-0.11.0.jar;C:\Users\User\.m2\repository\org\apache\maven\shared\maven-common-artifact-filters\3.0.1\maven-common-artifact-filters-3.0.1.jar;C:\Users\User\.m2\repository\org\sonatype\sisu\sisu-inject-plexus\1.4.2\sisu-inject-plexus-1.4.2.jar;C:\Users\User\.m2\repository\org\sonatype\sisu\sisu-inject-bean\1.4.2\sisu-inject-bean-1.4.2.jar;C:\Users\User\.m2\repository\org\sonatype\sisu\sisu-guice\2.1.7\sisu-guice-2.1.7-noaop.jar;C:\Users\User\.m2\repository\commons-codec\commons-codec\1.11\commons-codec-1.11.jar;C:\Users\User\.m2\repository\org\codehaus\plexus\plexus-java\1.0.5\plexus-java-1.0.5.jar;C:\Users\User\.m2\repository\org\ow2\asm\asm\7.2\asm-7.2.jar;C:\Users\User\.m2\repository\com\thoughtworks\qdox\qdox\2.0-M9\qdox-2.0-M9.jar;C:\Users\User\.m2\repository\org\apache\maven\surefire\surefire-shared-utils\3.0.0-M4\surefire-shared-utils-3.0.0-M4.jar;"/>
    <property name="sun.cpu.endian" value="little"/>
    <property name="user.home" value="C:\Users\User"/>
    <property name="user.language" value="pt"/>
    <property name="java.specification.vendor" value="Oracle Corporation"/>
    <property name="java.version.date" value="2022-08-12"/>
    <property name="java.home" value="C:\Program Files (x86)\Java\zulu17.36.17-ca-jdk17.0.4.1-win_x64"/>
    <property name="file.separator" value="\"/>
    <property name="basedir" value="C:\Users\User\Documents\00. Cursos\06. Automação de Testes - QAzando\QazandoSeleniumTest"/>
    <property name="java.vm.compressedOopsMode" value="Zero based"/>
    <property name="line.separator" value="&#10;"/>
    <property name="java.vm.specification.vendor" value="Oracle Corporation"/>
    <property name="java.specification.name" value="Java Platform API Specification"/>
    <property name="surefire.real.class.path" value="C:\Users\User\AppData\Local\Temp\surefire12293751816607193499\surefirebooter3474689950097120348.jar"/>
    <property name="user.script" value=""/>
    <property name="sun.management.compiler" value="HotSpot 64-Bit Tiered Compilers"/>
    <property name="java.runtime.version" value="17.0.4.1+1-LTS"/>
    <property name="user.name" value="Qintess"/>
    <property name="path.separator" value=";"/>
    <property name="os.version" value="10.0"/>
    <property name="java.runtime.name" value="OpenJDK Runtime Environment"/>
    <property name="file.encoding" value="Cp1252"/>
    <property name="java.vm.name" value="OpenJDK 64-Bit Server VM"/>
    <property name="java.vendor.version" value="Zulu17.36+17-CA"/>
    <property name="localRepository" value="C:\Users\User\.m2\repository"/>
    <property name="java.vendor.url.bug" value="http://www.azul.com/support/"/>
    <property name="java.io.tmpdir" value="C:\Users\User\AppData\Local\Temp\"/>
    <property name="java.version" value="17.0.4.1"/>
    <property name="user.dir" value="C:\Users\User\Documents\00. Cursos\06. Automação de Testes - QAzando\QazandoSeleniumTest"/>
    <property name="os.arch" value="amd64"/>
    <property name="java.vm.specification.name" value="Java Virtual Machine Specification"/>
    <property name="sun.os.patch.level" value=""/>
    <property name="native.encoding" value="Cp1252"/>
    <property name="java.library.path" value="C:\Program Files (x86)\Java\zulu17.36.17-ca-jdk17.0.4.1-win_x64\bin;C:\WINDOWS\Sun\Java\bin;C:\WINDOWS\system32;C:\WINDOWS;C:\Program Files (x86)\Common Files\Oracle\Java\javapath;C:\Program Files (x86)\Java\zulu17.36.17-ca-jdk17.0.4.1-win_x64\bin;C:\Python310\Scripts\;C:\Python310\;C:\WINDOWS\system32;C:\WINDOWS;C:\WINDOWS\System32\Wbem;C:\WINDOWS\System32\WindowsPowerShell\v1.0\;C:\WINDOWS\System32\OpenSSH\;C:\ProgramData\chocolatey\bin;C:\Program Files\Git\cmd;C:\Program Files\nodejs\;C:\Program Files\Java\jdk1.8.0_191\bin;C:\Program Files\Java\apache-maven-3.8.6\bin;C:\Users\User\AppData\Local\Microsoft\WindowsApps;C:\Users\User\AppData\Roaming\npm;C:\Users\User\AppData\Local\Programs\Microsoft VS Code\bin;."/>
    <property name="java.vm.info" value="mixed mode, sharing"/>
    <property name="java.vendor" value="Azul Systems, Inc."/>
    <property name="java.vm.version" value="17.0.4.1+1-LTS"/>
    <property name="sun.io.unicode.encoding" value="UnicodeLittle"/>
    <property name="java.class.version" value="61.0"/>
  </properties>
  <testcase name="Dado que estou no site da qazando" classname="Cenário: Visualizar código de desconto" time="0.004">
    <error type="java.lang.ExceptionInInitializerError"><![CDATA[java.lang.ExceptionInInitializerError
Caused by: java.lang.reflect.InaccessibleObjectException: Unable to make field private final java.util.Comparator java.util.TreeMap.comparator accessible: module java.base does not "opens java.util" to unnamed module @97e1986
]]></error>
    <system-err><![CDATA[Starting ChromeDriver 106.0.5249.61 (511755355844955cd3e264779baf0dd38212a4d0-refs/branch-heads/5249@{#569}) on port 46179
Only local connections are allowed.
Please see https://chromedriver.chromium.org/security-considerations for suggestions on keeping ChromeDriver safe.
ChromeDriver was started successfully.
[1666979629.631][WARNING]: This version of ChromeDriver has not been tested with Chrome version 107.
out. 28, 2022 2:53:49 PM org.openqa.selenium.remote.ProtocolHandshake createSession
INFORMAÇÕES: Detected dialect: W3C
]]></system-err>
  </testcase>
  <testcase name="" classname="Cenário: Visualizar código de desconto" time="0.005">
    <error type="java.lang.ExceptionInInitializerError"><![CDATA[java.lang.ExceptionInInitializerError
Caused by: java.lang.reflect.InaccessibleObjectException: Unable to make field private final java.util.Comparator java.util.TreeMap.comparator accessible: module java.base does not "opens java.util" to unnamed module @97e1986
]]></error>
  </testcase>
  <testcase name="Quando eu preencho meu email" classname="Cenário: Visualizar código de desconto" time="0">
    <skipped/>
  </testcase>
  <testcase name="E clico em ganhar cupom" classname="Cenário: Visualizar código de desconto" time="0">
    <skipped/>
  </testcase>
  <testcase name="Então eu vejo o código de desconto" classname="Cenário: Visualizar código de desconto" time="0">
    <skipped/>
  </testcase>
</testsuite>